2023-12-23 22:57:40,818 [Worker-1: Loading available Gradle versions] INFO  o.e.b.c.i.u.g.PublishedGradleVersions - Gradle version information cache is up-to-date. Trying to read.
2023-12-23 22:57:58,740 [Worker-10: Building] INFO  o.e.m.c.i.l.LifecycleMappingFactory - Using org.eclipse.m2e.jdt.JarLifecycleMapping lifecycle mapping for MavenProject: ma.emsi:Eureka-Server:1 @ C:\Users\Ihssane\Documents\Blog\Blog\Eureka-Server\pom.xml.
2023-12-23 22:58:00,992 [Worker-10: Building] INFO  o.a.m.s.f.DefaultMavenResourcesFiltering - Copying 1 resource from src\main\resources to target\classes
2023-12-23 22:58:01,015 [Worker-10: Building] INFO  o.a.m.s.f.DefaultMavenResourcesFiltering - Copying 0 resource from src\main\resources to target\classes
2023-12-23 22:58:01,021 [Worker-10: Building] INFO  o.a.m.s.f.DefaultMavenResourcesFiltering - skip non existing resourceDirectory C:\Users\Ihssane\Documents\Blog\Blog\Eureka-Server\src\test\resources
2023-12-23 22:58:01,968 [Worker-9: Updating Maven Dependencies] INFO  o.e.m.c.i.l.LifecycleMappingFactory - Using org.eclipse.m2e.jdt.JarLifecycleMapping lifecycle mapping for MavenProject: ma.emsi:Eureka-Server:1 @ C:\Users\Ihssane\Documents\Blog\Blog\Eureka-Server\pom.xml.
2023-12-23 22:58:03,795 [Worker-7: Building] INFO  o.a.m.s.f.DefaultMavenResourcesFiltering - Copying 1 resource from src\main\resources to target\classes
2023-12-23 22:58:03,811 [Worker-7: Building] INFO  o.a.m.s.f.DefaultMavenResourcesFiltering - Copying 0 resource from src\main\resources to target\classes
2023-12-23 22:58:03,815 [Worker-7: Building] INFO  o.a.m.s.f.DefaultMavenResourcesFiltering - skip non existing resourceDirectory C:\Users\Ihssane\Documents\Blog\Blog\Eureka-Server\src\test\resources
2023-12-23 22:58:12,343 [Worker-4: Updating Maven Dependencies] INFO  o.e.m.c.i.l.LifecycleMappingFactory - Using org.eclipse.m2e.jdt.JarLifecycleMapping lifecycle mapping for MavenProject: ma.emsi:Utilisateur:1 @ C:\Users\Ihssane\Documents\Blog\Blog\Utilisateur\pom.xml.
2023-12-23 22:58:13,362 [Worker-2: Building] INFO  o.e.m.c.i.l.LifecycleMappingFactory - Using org.eclipse.m2e.jdt.JarLifecycleMapping lifecycle mapping for MavenProject: ma.emsi:Utilisateur:1 @ C:\Users\Ihssane\Documents\Blog\Blog\Utilisateur\pom.xml.
2023-12-23 22:58:15,919 [Worker-2: Building] INFO  o.a.m.s.f.DefaultMavenResourcesFiltering - Copying 1 resource from src\main\resources to target\classes
2023-12-23 22:58:15,943 [Worker-2: Building] INFO  o.a.m.s.f.DefaultMavenResourcesFiltering - Copying 0 resource from src\main\resources to target\classes
2023-12-23 22:58:15,949 [Worker-2: Building] INFO  o.a.m.s.f.DefaultMavenResourcesFiltering - skip non existing resourceDirectory C:\Users\Ihssane\Documents\Blog\Blog\Utilisateur\src\test\resources
2023-12-23 22:58:17,049 [Worker-11: Building] INFO  o.a.m.s.f.DefaultMavenResourcesFiltering - Copying 1 resource from src\main\resources to target\classes
2023-12-23 22:58:17,058 [Worker-11: Building] INFO  o.a.m.s.f.DefaultMavenResourcesFiltering - Copying 0 resource from src\main\resources to target\classes
2023-12-23 22:58:17,062 [Worker-11: Building] INFO  o.a.m.s.f.DefaultMavenResourcesFiltering - skip non existing resourceDirectory C:\Users\Ihssane\Documents\Blog\Blog\Utilisateur\src\test\resources
2023-12-23 22:58:17,730 [Worker-6: Updating Maven Dependencies] INFO  o.e.m.c.i.l.LifecycleMappingFactory - Using org.eclipse.m2e.jdt.JarLifecycleMapping lifecycle mapping for MavenProject: ma.emsi:Utilisateur:1 @ C:\Users\Ihssane\Documents\Blog\Blog\Utilisateur\pom.xml.
2023-12-23 22:58:21,395 [Worker-4: Building] INFO  o.a.m.s.f.DefaultMavenResourcesFiltering - Copying 0 resource from src\main\resources to target\classes
2023-12-23 22:58:21,397 [Worker-4: Building] INFO  o.a.m.s.f.DefaultMavenResourcesFiltering - Copying 0 resource from src\main\resources to target\classes
2023-12-23 22:58:21,450 [Worker-4: Building] INFO  o.a.m.s.f.DefaultMavenResourcesFiltering - skip non existing resourceDirectory C:\Users\Ihssane\Documents\Blog\Blog\Utilisateur\src\test\resources
2023-12-23 23:09:34,476 [Worker-12: Building] INFO  o.a.m.s.f.DefaultMavenResourcesFiltering - Copying 1 resource from src\main\resources to target\classes
2023-12-23 23:09:34,491 [Worker-12: Building] INFO  o.a.m.s.f.DefaultMavenResourcesFiltering - Copying 0 resource from src\main\resources to target\classes
2023-12-23 23:09:34,497 [Worker-12: Building] INFO  o.a.m.s.f.DefaultMavenResourcesFiltering - skip non existing resourceDirectory C:\Users\Ihssane\Documents\Blog\Blog\Utilisateur\src\test\resources
2023-12-23 23:09:40,232 [Worker-16: Building] INFO  o.a.m.s.f.DefaultMavenResourcesFiltering - Copying 1 resource from src\main\resources to target\classes
2023-12-23 23:09:40,241 [Worker-16: Building] INFO  o.a.m.s.f.DefaultMavenResourcesFiltering - Copying 0 resource from src\main\resources to target\classes
2023-12-23 23:09:40,245 [Worker-16: Building] INFO  o.a.m.s.f.DefaultMavenResourcesFiltering - skip non existing resourceDirectory C:\Users\Ihssane\Documents\Blog\Blog\Utilisateur\src\test\resources
2023-12-23 23:10:03,830 [Start Help Server] INFO  org.eclipse.jetty.server.Server - jetty-10.0.12; built: 2022-09-14T01:54:40.076Z; git: 408d0139887e27a57b54ed52e2d92a36731a7e88; jvm 17.0.6+10
2023-12-23 23:10:03,854 [Start Help Server] INFO  o.e.j.s.s.DefaultSessionIdManager - Session workerName=node0
2023-12-23 23:10:03,884 [Start Help Server] INFO  o.e.j.server.handler.ContextHandler - Started o.e.j.s.ServletContextHandler@6699a3a3{/help,null,AVAILABLE}
2023-12-23 23:10:03,929 [Start Help Server] INFO  o.e.jetty.server.AbstractConnector - Started ServerConnector@56ed8ebb{HTTP/1.1, (http/1.1)}{127.0.0.1:60106}
2023-12-23 23:10:03,932 [Start Help Server] INFO  org.eclipse.jetty.server.Server - Started Server@6814cc7f{STARTING}[10.0.12,sto=0] @763379ms
2023-12-23 23:10:16,740 [Worker-17: Building] INFO  o.a.m.s.f.DefaultMavenResourcesFiltering - Copying 1 resource from src\main\resources to target\classes
2023-12-23 23:10:16,747 [Worker-17: Building] INFO  o.a.m.s.f.DefaultMavenResourcesFiltering - Copying 0 resource from src\main\resources to target\classes
2023-12-23 23:10:16,752 [Worker-17: Building] INFO  o.a.m.s.f.DefaultMavenResourcesFiltering - skip non existing resourceDirectory C:\Users\Ihssane\Documents\Blog\Blog\Utilisateur\src\test\resources
2023-12-23 23:10:18,907 [Worker-15: Building] INFO  o.a.m.s.f.DefaultMavenResourcesFiltering - Copying 1 resource from src\main\resources to target\classes
2023-12-23 23:10:18,914 [Worker-15: Building] INFO  o.a.m.s.f.DefaultMavenResourcesFiltering - Copying 0 resource from src\main\resources to target\classes
2023-12-23 23:10:18,922 [Worker-15: Building] INFO  o.a.m.s.f.DefaultMavenResourcesFiltering - skip non existing resourceDirectory C:\Users\Ihssane\Documents\Blog\Blog\Utilisateur\src\test\resources
2023-12-23 23:11:15,287 [Worker-15: Building] INFO  o.a.m.s.f.DefaultMavenResourcesFiltering - Copying 1 resource from src\main\resources to target\classes
2023-12-23 23:11:15,294 [Worker-15: Building] INFO  o.a.m.s.f.DefaultMavenResourcesFiltering - Copying 0 resource from src\main\resources to target\classes
2023-12-23 23:11:15,297 [Worker-15: Building] INFO  o.a.m.s.f.DefaultMavenResourcesFiltering - skip non existing resourceDirectory C:\Users\Ihssane\Documents\Blog\Blog\Utilisateur\src\test\resources
2023-12-23 23:11:20,005 [Worker-15: Building] INFO  o.a.m.s.f.DefaultMavenResourcesFiltering - Copying 1 resource from src\main\resources to target\classes
2023-12-23 23:11:20,012 [Worker-15: Building] INFO  o.a.m.s.f.DefaultMavenResourcesFiltering - Copying 0 resource from src\main\resources to target\classes
2023-12-23 23:11:20,018 [Worker-15: Building] INFO  o.a.m.s.f.DefaultMavenResourcesFiltering - skip non existing resourceDirectory C:\Users\Ihssane\Documents\Blog\Blog\Utilisateur\src\test\resources
2023-12-23 23:11:51,169 [Worker-17: Building] INFO  o.a.m.s.f.DefaultMavenResourcesFiltering - Copying 1 resource from src\main\resources to target\classes
2023-12-23 23:11:51,173 [Worker-17: Building] INFO  o.a.m.s.f.DefaultMavenResourcesFiltering - Copying 0 resource from src\main\resources to target\classes
2023-12-23 23:11:51,176 [Worker-17: Building] INFO  o.a.m.s.f.DefaultMavenResourcesFiltering - skip non existing resourceDirectory C:\Users\Ihssane\Documents\Blog\Blog\Utilisateur\src\test\resources
2023-12-23 23:12:15,982 [Worker-16: Building] INFO  o.a.m.s.f.DefaultMavenResourcesFiltering - Copying 1 resource from src\main\resources to target\classes
2023-12-23 23:12:15,989 [Worker-16: Building] INFO  o.a.m.s.f.DefaultMavenResourcesFiltering - Copying 0 resource from src\main\resources to target\classes
2023-12-23 23:12:15,994 [Worker-16: Building] INFO  o.a.m.s.f.DefaultMavenResourcesFiltering - skip non existing resourceDirectory C:\Users\Ihssane\Documents\Blog\Blog\Utilisateur\src\test\resources
2023-12-23 23:12:29,019 [Worker-13: Building] INFO  o.a.m.s.f.DefaultMavenResourcesFiltering - Copying 1 resource from src\main\resources to target\classes
2023-12-23 23:12:29,023 [Worker-13: Building] INFO  o.a.m.s.f.DefaultMavenResourcesFiltering - Copying 0 resource from src\main\resources to target\classes
2023-12-23 23:12:29,027 [Worker-13: Building] INFO  o.a.m.s.f.DefaultMavenResourcesFiltering - skip non existing resourceDirectory C:\Users\Ihssane\Documents\Blog\Blog\Utilisateur\src\test\resources
2023-12-23 23:12:37,031 [Worker-17: Building] INFO  o.a.m.s.f.DefaultMavenResourcesFiltering - Copying 1 resource from src\main\resources to target\classes
2023-12-23 23:12:37,034 [Worker-17: Building] INFO  o.a.m.s.f.DefaultMavenResourcesFiltering - Copying 0 resource from src\main\resources to target\classes
2023-12-23 23:12:37,036 [Worker-17: Building] INFO  o.a.m.s.f.DefaultMavenResourcesFiltering - skip non existing resourceDirectory C:\Users\Ihssane\Documents\Blog\Blog\Utilisateur\src\test\resources
2023-12-23 23:12:41,957 [Worker-14: Building] INFO  o.a.m.s.f.DefaultMavenResourcesFiltering - Copying 1 resource from src\main\resources to target\classes
2023-12-23 23:12:41,961 [Worker-14: Building] INFO  o.a.m.s.f.DefaultMavenResourcesFiltering - Copying 0 resource from src\main\resources to target\classes
2023-12-23 23:12:41,964 [Worker-14: Building] INFO  o.a.m.s.f.DefaultMavenResourcesFiltering - skip non existing resourceDirectory C:\Users\Ihssane\Documents\Blog\Blog\Utilisateur\src\test\resources
2023-12-23 23:12:56,917 [Worker-13: Building] INFO  o.a.m.s.f.DefaultMavenResourcesFiltering - Copying 1 resource from src\main\resources to target\classes
2023-12-23 23:12:56,923 [Worker-13: Building] INFO  o.a.m.s.f.DefaultMavenResourcesFiltering - Copying 0 resource from src\main\resources to target\classes
2023-12-23 23:12:56,928 [Worker-13: Building] INFO  o.a.m.s.f.DefaultMavenResourcesFiltering - skip non existing resourceDirectory C:\Users\Ihssane\Documents\Blog\Blog\Utilisateur\src\test\resources
2023-12-23 23:13:01,191 [Worker-16: Building] INFO  o.a.m.s.f.DefaultMavenResourcesFiltering - Copying 1 resource from src\main\resources to target\classes
2023-12-23 23:13:01,196 [Worker-16: Building] INFO  o.a.m.s.f.DefaultMavenResourcesFiltering - Copying 0 resource from src\main\resources to target\classes
2023-12-23 23:13:01,200 [Worker-16: Building] INFO  o.a.m.s.f.DefaultMavenResourcesFiltering - skip non existing resourceDirectory C:\Users\Ihssane\Documents\Blog\Blog\Utilisateur\src\test\resources
2023-12-23 23:13:20,540 [Worker-16: Building] INFO  o.a.m.s.f.DefaultMavenResourcesFiltering - Copying 1 resource from src\main\resources to target\classes
2023-12-23 23:13:20,545 [Worker-16: Building] INFO  o.a.m.s.f.DefaultMavenResourcesFiltering - Copying 0 resource from src\main\resources to target\classes
2023-12-23 23:13:20,548 [Worker-16: Building] INFO  o.a.m.s.f.DefaultMavenResourcesFiltering - skip non existing resourceDirectory C:\Users\Ihssane\Documents\Blog\Blog\Utilisateur\src\test\resources
2023-12-23 23:13:27,971 [Worker-16: Building] INFO  o.a.m.s.f.DefaultMavenResourcesFiltering - Copying 1 resource from src\main\resources to target\classes
2023-12-23 23:13:27,976 [Worker-16: Building] INFO  o.a.m.s.f.DefaultMavenResourcesFiltering - Copying 0 resource from src\main\resources to target\classes
2023-12-23 23:13:27,978 [Worker-16: Building] INFO  o.a.m.s.f.DefaultMavenResourcesFiltering - skip non existing resourceDirectory C:\Users\Ihssane\Documents\Blog\Blog\Utilisateur\src\test\resources
2023-12-23 23:13:49,286 [Worker-13: Building] INFO  o.a.m.s.f.DefaultMavenResourcesFiltering - Copying 1 resource from src\main\resources to target\classes
2023-12-23 23:13:49,294 [Worker-13: Building] INFO  o.a.m.s.f.DefaultMavenResourcesFiltering - Copying 0 resource from src\main\resources to target\classes
2023-12-23 23:13:49,298 [Worker-13: Building] INFO  o.a.m.s.f.DefaultMavenResourcesFiltering - skip non existing resourceDirectory C:\Users\Ihssane\Documents\Blog\Blog\Utilisateur\src\test\resources
2023-12-23 23:13:57,145 [Worker-15: Building] INFO  o.a.m.s.f.DefaultMavenResourcesFiltering - Copying 1 resource from src\main\resources to target\classes
2023-12-23 23:13:57,151 [Worker-15: Building] INFO  o.a.m.s.f.DefaultMavenResourcesFiltering - Copying 0 resource from src\main\resources to target\classes
2023-12-23 23:13:57,154 [Worker-15: Building] INFO  o.a.m.s.f.DefaultMavenResourcesFiltering - skip non existing resourceDirectory C:\Users\Ihssane\Documents\Blog\Blog\Utilisateur\src\test\resources
2023-12-23 23:15:40,437 [Worker-19: Building] INFO  o.a.m.s.f.DefaultMavenResourcesFiltering - Copying 1 resource from src\main\resources to target\classes
2023-12-23 23:15:40,442 [Worker-19: Building] INFO  o.a.m.s.f.DefaultMavenResourcesFiltering - Copying 0 resource from src\main\resources to target\classes
2023-12-23 23:15:40,445 [Worker-19: Building] INFO  o.a.m.s.f.DefaultMavenResourcesFiltering - skip non existing resourceDirectory C:\Users\Ihssane\Documents\Blog\Blog\Utilisateur\src\test\resources
2023-12-23 23:15:51,038 [Worker-19: Building] INFO  o.a.m.s.f.DefaultMavenResourcesFiltering - Copying 1 resource from src\main\resources to target\classes
2023-12-23 23:15:51,041 [Worker-19: Building] INFO  o.a.m.s.f.DefaultMavenResourcesFiltering - Copying 0 resource from src\main\resources to target\classes
2023-12-23 23:15:51,044 [Worker-19: Building] INFO  o.a.m.s.f.DefaultMavenResourcesFiltering - skip non existing resourceDirectory C:\Users\Ihssane\Documents\Blog\Blog\Utilisateur\src\test\resources
2023-12-23 23:16:15,773 [Worker-19: Building] INFO  o.a.m.s.f.DefaultMavenResourcesFiltering - Copying 1 resource from src\main\resources to target\classes
2023-12-23 23:16:15,777 [Worker-19: Building] INFO  o.a.m.s.f.DefaultMavenResourcesFiltering - Copying 0 resource from src\main\resources to target\classes
2023-12-23 23:16:15,779 [Worker-19: Building] INFO  o.a.m.s.f.DefaultMavenResourcesFiltering - skip non existing resourceDirectory C:\Users\Ihssane\Documents\Blog\Blog\Utilisateur\src\test\resources
2023-12-23 23:16:24,069 [Worker-15: Building] INFO  o.a.m.s.f.DefaultMavenResourcesFiltering - Copying 1 resource from src\main\resources to target\classes
2023-12-23 23:16:24,073 [Worker-15: Building] INFO  o.a.m.s.f.DefaultMavenResourcesFiltering - Copying 0 resource from src\main\resources to target\classes
2023-12-23 23:16:24,075 [Worker-15: Building] INFO  o.a.m.s.f.DefaultMavenResourcesFiltering - skip non existing resourceDirectory C:\Users\Ihssane\Documents\Blog\Blog\Utilisateur\src\test\resources
2023-12-23 23:16:54,434 [Worker-19: Building] INFO  o.a.m.s.f.DefaultMavenResourcesFiltering - Copying 1 resource from src\main\resources to target\classes
2023-12-23 23:16:54,439 [Worker-19: Building] INFO  o.a.m.s.f.DefaultMavenResourcesFiltering - Copying 0 resource from src\main\resources to target\classes
2023-12-23 23:16:54,444 [Worker-19: Building] INFO  o.a.m.s.f.DefaultMavenResourcesFiltering - skip non existing resourceDirectory C:\Users\Ihssane\Documents\Blog\Blog\Utilisateur\src\test\resources
2023-12-23 23:17:14,657 [Worker-15: Building] INFO  o.a.m.s.f.DefaultMavenResourcesFiltering - Copying 1 resource from src\main\resources to target\classes
2023-12-23 23:17:14,661 [Worker-15: Building] INFO  o.a.m.s.f.DefaultMavenResourcesFiltering - Copying 0 resource from src\main\resources to target\classes
2023-12-23 23:17:14,664 [Worker-15: Building] INFO  o.a.m.s.f.DefaultMavenResourcesFiltering - skip non existing resourceDirectory C:\Users\Ihssane\Documents\Blog\Blog\Utilisateur\src\test\resources
2023-12-23 23:17:37,521 [Worker-14: Building] INFO  o.a.m.s.f.DefaultMavenResourcesFiltering - Copying 1 resource from src\main\resources to target\classes
2023-12-23 23:17:37,527 [Worker-14: Building] INFO  o.a.m.s.f.DefaultMavenResourcesFiltering - Copying 0 resource from src\main\resources to target\classes
2023-12-23 23:17:37,530 [Worker-14: Building] INFO  o.a.m.s.f.DefaultMavenResourcesFiltering - skip non existing resourceDirectory C:\Users\Ihssane\Documents\Blog\Blog\Utilisateur\src\test\resources
2023-12-23 23:18:08,256 [Worker-20: Building] INFO  o.a.m.s.f.DefaultMavenResourcesFiltering - Copying 1 resource from src\main\resources to target\classes
2023-12-23 23:18:08,261 [Worker-20: Building] INFO  o.a.m.s.f.DefaultMavenResourcesFiltering - Copying 0 resource from src\main\resources to target\classes
2023-12-23 23:18:08,265 [Worker-20: Building] INFO  o.a.m.s.f.DefaultMavenResourcesFiltering - skip non existing resourceDirectory C:\Users\Ihssane\Documents\Blog\Blog\Utilisateur\src\test\resources
2023-12-23 23:18:13,939 [Worker-15: Building] INFO  o.a.m.s.f.DefaultMavenResourcesFiltering - Copying 1 resource from src\main\resources to target\classes
2023-12-23 23:18:13,942 [Worker-15: Building] INFO  o.a.m.s.f.DefaultMavenResourcesFiltering - Copying 0 resource from src\main\resources to target\classes
2023-12-23 23:18:13,944 [Worker-15: Building] INFO  o.a.m.s.f.DefaultMavenResourcesFiltering - skip non existing resourceDirectory C:\Users\Ihssane\Documents\Blog\Blog\Utilisateur\src\test\resources
2023-12-23 23:19:16,290 [Worker-19: Building] INFO  o.a.m.s.f.DefaultMavenResourcesFiltering - Copying 1 resource from src\main\resources to target\classes
2023-12-23 23:19:16,294 [Worker-19: Building] INFO  o.a.m.s.f.DefaultMavenResourcesFiltering - Copying 0 resource from src\main\resources to target\classes
2023-12-23 23:19:16,296 [Worker-19: Building] INFO  o.a.m.s.f.DefaultMavenResourcesFiltering - skip non existing resourceDirectory C:\Users\Ihssane\Documents\Blog\Blog\Utilisateur\src\test\resources
2023-12-23 23:19:26,052 [Worker-14: Building] INFO  o.a.m.s.f.DefaultMavenResourcesFiltering - Copying 1 resource from src\main\resources to target\classes
2023-12-23 23:19:26,057 [Worker-14: Building] INFO  o.a.m.s.f.DefaultMavenResourcesFiltering - Copying 0 resource from src\main\resources to target\classes
2023-12-23 23:19:26,060 [Worker-14: Building] INFO  o.a.m.s.f.DefaultMavenResourcesFiltering - skip non existing resourceDirectory C:\Users\Ihssane\Documents\Blog\Blog\Utilisateur\src\test\resources
2023-12-23 23:19:42,333 [Worker-18: Building] INFO  o.a.m.s.f.DefaultMavenResourcesFiltering - Copying 1 resource from src\main\resources to target\classes
2023-12-23 23:19:42,339 [Worker-18: Building] INFO  o.a.m.s.f.DefaultMavenResourcesFiltering - Copying 0 resource from src\main\resources to target\classes
2023-12-23 23:19:42,343 [Worker-18: Building] INFO  o.a.m.s.f.DefaultMavenResourcesFiltering - skip non existing resourceDirectory C:\Users\Ihssane\Documents\Blog\Blog\Utilisateur\src\test\resources
2023-12-23 23:19:54,248 [Worker-14: Building] INFO  o.a.m.s.f.DefaultMavenResourcesFiltering - Copying 1 resource from src\main\resources to target\classes
2023-12-23 23:19:54,252 [Worker-14: Building] INFO  o.a.m.s.f.DefaultMavenResourcesFiltering - Copying 0 resource from src\main\resources to target\classes
2023-12-23 23:19:54,254 [Worker-14: Building] INFO  o.a.m.s.f.DefaultMavenResourcesFiltering - skip non existing resourceDirectory C:\Users\Ihssane\Documents\Blog\Blog\Utilisateur\src\test\resources
2023-12-23 23:20:17,841 [Worker-15: Building] INFO  o.a.m.s.f.DefaultMavenResourcesFiltering - Copying 1 resource from src\main\resources to target\classes
2023-12-23 23:20:17,846 [Worker-15: Building] INFO  o.a.m.s.f.DefaultMavenResourcesFiltering - Copying 0 resource from src\main\resources to target\classes
2023-12-23 23:20:17,848 [Worker-15: Building] INFO  o.a.m.s.f.DefaultMavenResourcesFiltering - skip non existing resourceDirectory C:\Users\Ihssane\Documents\Blog\Blog\Utilisateur\src\test\resources
2023-12-23 23:20:24,478 [Worker-15: Building] INFO  o.a.m.s.f.DefaultMavenResourcesFiltering - Copying 1 resource from src\main\resources to target\classes
2023-12-23 23:20:24,481 [Worker-15: Building] INFO  o.a.m.s.f.DefaultMavenResourcesFiltering - Copying 0 resource from src\main\resources to target\classes
2023-12-23 23:20:24,484 [Worker-15: Building] INFO  o.a.m.s.f.DefaultMavenResourcesFiltering - skip non existing resourceDirectory C:\Users\Ihssane\Documents\Blog\Blog\Utilisateur\src\test\resources
2023-12-23 23:20:33,759 [Worker-21: Building] INFO  o.a.m.s.f.DefaultMavenResourcesFiltering - Copying 1 resource from src\main\resources to target\classes
2023-12-23 23:20:33,766 [Worker-21: Building] INFO  o.a.m.s.f.DefaultMavenResourcesFiltering - Copying 0 resource from src\main\resources to target\classes
2023-12-23 23:20:33,769 [Worker-21: Building] INFO  o.a.m.s.f.DefaultMavenResourcesFiltering - skip non existing resourceDirectory C:\Users\Ihssane\Documents\Blog\Blog\Utilisateur\src\test\resources
2023-12-23 23:20:38,343 [Worker-21: Building] INFO  o.a.m.s.f.DefaultMavenResourcesFiltering - Copying 1 resource from src\main\resources to target\classes
2023-12-23 23:20:38,349 [Worker-21: Building] INFO  o.a.m.s.f.DefaultMavenResourcesFiltering - Copying 0 resource from src\main\resources to target\classes
2023-12-23 23:20:38,354 [Worker-21: Building] INFO  o.a.m.s.f.DefaultMavenResourcesFiltering - skip non existing resourceDirectory C:\Users\Ihssane\Documents\Blog\Blog\Utilisateur\src\test\resources
2023-12-23 23:20:42,567 [Worker-18: Building] INFO  o.a.m.s.f.DefaultMavenResourcesFiltering - Copying 1 resource from src\main\resources to target\classes
2023-12-23 23:20:42,591 [Worker-18: Building] INFO  o.a.m.s.f.DefaultMavenResourcesFiltering - Copying 0 resource from src\main\resources to target\classes
2023-12-23 23:20:42,594 [Worker-18: Building] INFO  o.a.m.s.f.DefaultMavenResourcesFiltering - skip non existing resourceDirectory C:\Users\Ihssane\Documents\Blog\Blog\Utilisateur\src\test\resources
2023-12-23 23:20:46,540 [Worker-21: Building] INFO  o.a.m.s.f.DefaultMavenResourcesFiltering - Copying 1 resource from src\main\resources to target\classes
2023-12-23 23:20:46,545 [Worker-21: Building] INFO  o.a.m.s.f.DefaultMavenResourcesFiltering - Copying 0 resource from src\main\resources to target\classes
2023-12-23 23:20:46,548 [Worker-21: Building] INFO  o.a.m.s.f.DefaultMavenResourcesFiltering - skip non existing resourceDirectory C:\Users\Ihssane\Documents\Blog\Blog\Utilisateur\src\test\resources
2023-12-23 23:20:50,366 [Worker-15: Building] INFO  o.a.m.s.f.DefaultMavenResourcesFiltering - Copying 1 resource from src\main\resources to target\classes
2023-12-23 23:20:50,373 [Worker-15: Building] INFO  o.a.m.s.f.DefaultMavenResourcesFiltering - Copying 0 resource from src\main\resources to target\classes
2023-12-23 23:20:50,377 [Worker-15: Building] INFO  o.a.m.s.f.DefaultMavenResourcesFiltering - skip non existing resourceDirectory C:\Users\Ihssane\Documents\Blog\Blog\Utilisateur\src\test\resources
2023-12-23 23:20:57,109 [Worker-19: Building] INFO  o.a.m.s.f.DefaultMavenResourcesFiltering - Copying 1 resource from src\main\resources to target\classes
2023-12-23 23:20:57,114 [Worker-19: Building] INFO  o.a.m.s.f.DefaultMavenResourcesFiltering - Copying 0 resource from src\main\resources to target\classes
2023-12-23 23:20:57,118 [Worker-19: Building] INFO  o.a.m.s.f.DefaultMavenResourcesFiltering - skip non existing resourceDirectory C:\Users\Ihssane\Documents\Blog\Blog\Utilisateur\src\test\resources
2023-12-23 23:21:11,348 [Worker-21: Building] INFO  o.a.m.s.f.DefaultMavenResourcesFiltering - Copying 1 resource from src\main\resources to target\classes
2023-12-23 23:21:11,352 [Worker-21: Building] INFO  o.a.m.s.f.DefaultMavenResourcesFiltering - Copying 0 resource from src\main\resources to target\classes
2023-12-23 23:21:11,354 [Worker-21: Building] INFO  o.a.m.s.f.DefaultMavenResourcesFiltering - skip non existing resourceDirectory C:\Users\Ihssane\Documents\Blog\Blog\Utilisateur\src\test\resources
2023-12-23 23:21:40,990 [Worker-18: Launching Executing install in C__Users_Ihssane_Documents_Blog_Blog_Utilisateur] INFO  o.eclipse.m2e.core.internal.Bundles - getClasspathEntries(Bundle=org.eclipse.m2e.maven.runtime_3.8.604.20221130-2149 [345])
2023-12-23 23:21:41,001 [Worker-18: Launching Executing install in C__Users_Ihssane_Documents_Blog_Blog_Utilisateur] INFO  o.eclipse.m2e.core.internal.Bundles - 	Entry: C:\sts-4.17.2.RELEASE\plugins\org.eclipse.m2e.maven.runtime_3.8.604.20221130-2149
2023-12-23 23:21:41,001 [Worker-18: Launching Executing install in C__Users_Ihssane_Documents_Blog_Blog_Utilisateur] INFO  o.eclipse.m2e.core.internal.Bundles - 	Entry: C:\sts-4.17.2.RELEASE\plugins\org.eclipse.m2e.maven.runtime_3.8.604.20221130-2149\jars\aether-connector-okhttp-0.17.8.jar
2023-12-23 23:21:41,002 [Worker-18: Launching Executing install in C__Users_Ihssane_Documents_Blog_Blog_Utilisateur] INFO  o.eclipse.m2e.core.internal.Bundles - 	Entry: C:\sts-4.17.2.RELEASE\plugins\org.eclipse.m2e.maven.runtime_3.8.604.20221130-2149\jars\commons-cli-1.4.jar
2023-12-23 23:21:41,002 [Worker-18: Launching Executing install in C__Users_Ihssane_Documents_Blog_Blog_Utilisateur] INFO  o.eclipse.m2e.core.internal.Bundles - 	Entry: C:\sts-4.17.2.RELEASE\plugins\org.eclipse.m2e.maven.runtime_3.8.604.20221130-2149\jars\commons-io-2.6.jar
2023-12-23 23:21:41,002 [Worker-18: Launching Executing install in C__Users_Ihssane_Documents_Blog_Blog_Utilisateur] INFO  o.eclipse.m2e.core.internal.Bundles - 	Entry: C:\sts-4.17.2.RELEASE\plugins\org.eclipse.m2e.maven.runtime_3.8.604.20221130-2149\jars\commons-lang3-3.8.1.jar
2023-12-23 23:21:41,002 [Worker-18: Launching Executing install in C__Users_Ihssane_Documents_Blog_Blog_Utilisateur] INFO  o.eclipse.m2e.core.internal.Bundles - 	Entry: C:\sts-4.17.2.RELEASE\plugins\org.eclipse.m2e.maven.runtime_3.8.604.20221130-2149\jars\guice-4.2.2-no_aop.jar
2023-12-23 23:21:41,002 [Worker-18: Launching Executing install in C__Users_Ihssane_Documents_Blog_Blog_Utilisateur] INFO  o.eclipse.m2e.core.internal.Bundles - 	Entry: C:\sts-4.17.2.RELEASE\plugins\org.eclipse.m2e.maven.runtime_3.8.604.20221130-2149\jars\jansi-2.4.0.jar
2023-12-23 23:21:41,003 [Worker-18: Launching Executing install in C__Users_Ihssane_Documents_Blog_Blog_Utilisateur] INFO  o.eclipse.m2e.core.internal.Bundles - 	Entry: C:\sts-4.17.2.RELEASE\plugins\org.eclipse.m2e.maven.runtime_3.8.604.20221130-2149\jars\maven-artifact-3.8.6.jar
2023-12-23 23:21:41,003 [Worker-18: Launching Executing install in C__Users_Ihssane_Documents_Blog_Blog_Utilisateur] INFO  o.eclipse.m2e.core.internal.Bundles - 	Entry: C:\sts-4.17.2.RELEASE\plugins\org.eclipse.m2e.maven.runtime_3.8.604.20221130-2149\jars\maven-builder-support-3.8.6.jar
2023-12-23 23:21:41,003 [Worker-18: Launching Executing install in C__Users_Ihssane_Documents_Blog_Blog_Utilisateur] INFO  o.eclipse.m2e.core.internal.Bundles - 	Entry: C:\sts-4.17.2.RELEASE\plugins\org.eclipse.m2e.maven.runtime_3.8.604.20221130-2149\jars\maven-compat-3.8.6.jar
2023-12-23 23:21:41,003 [Worker-18: Launching Executing install in C__Users_Ihssane_Documents_Blog_Blog_Utilisateur] INFO  o.eclipse.m2e.core.internal.Bundles - 	Entry: C:\sts-4.17.2.RELEASE\plugins\org.eclipse.m2e.maven.runtime_3.8.604.20221130-2149\jars\maven-core-3.8.6.jar
2023-12-23 23:21:41,003 [Worker-18: Launching Executing install in C__Users_Ihssane_Documents_Blog_Blog_Utilisateur] INFO  o.eclipse.m2e.core.internal.Bundles - 	Entry: C:\sts-4.17.2.RELEASE\plugins\org.eclipse.m2e.maven.runtime_3.8.604.20221130-2149\jars\maven-embedder-3.8.6.jar
2023-12-23 23:21:41,003 [Worker-18: Launching Executing install in C__Users_Ihssane_Documents_Blog_Blog_Utilisateur] INFO  o.eclipse.m2e.core.internal.Bundles - 	Entry: C:\sts-4.17.2.RELEASE\plugins\org.eclipse.m2e.maven.runtime_3.8.604.20221130-2149\jars\maven-model-3.8.6.jar
2023-12-23 23:21:41,004 [Worker-18: Launching Executing install in C__Users_Ihssane_Documents_Blog_Blog_Utilisateur] INFO  o.eclipse.m2e.core.internal.Bundles - 	Entry: C:\sts-4.17.2.RELEASE\plugins\org.eclipse.m2e.maven.runtime_3.8.604.20221130-2149\jars\maven-model-builder-3.8.6.jar
2023-12-23 23:21:41,004 [Worker-18: Launching Executing install in C__Users_Ihssane_Documents_Blog_Blog_Utilisateur] INFO  o.eclipse.m2e.core.internal.Bundles - 	Entry: C:\sts-4.17.2.RELEASE\plugins\org.eclipse.m2e.maven.runtime_3.8.604.20221130-2149\jars\maven-plugin-api-3.8.6.jar
2023-12-23 23:21:41,004 [Worker-18: Launching Executing install in C__Users_Ihssane_Documents_Blog_Blog_Utilisateur] INFO  o.eclipse.m2e.core.internal.Bundles - 	Entry: C:\sts-4.17.2.RELEASE\plugins\org.eclipse.m2e.maven.runtime_3.8.604.20221130-2149\jars\maven-repository-metadata-3.8.6.jar
2023-12-23 23:21:41,004 [Worker-18: Launching Executing install in C__Users_Ihssane_Documents_Blog_Blog_Utilisateur] INFO  o.eclipse.m2e.core.internal.Bundles - 	Entry: C:\sts-4.17.2.RELEASE\plugins\org.eclipse.m2e.maven.runtime_3.8.604.20221130-2149\jars\maven-resolver-api-1.6.3.jar
2023-12-23 23:21:41,005 [Worker-18: Launching Executing install in C__Users_Ihssane_Documents_Blog_Blog_Utilisateur] INFO  o.eclipse.m2e.core.internal.Bundles - 	Entry: C:\sts-4.17.2.RELEASE\plugins\org.eclipse.m2e.maven.runtime_3.8.604.20221130-2149\jars\maven-resolver-connector-basic-1.6.3.jar
2023-12-23 23:21:41,005 [Worker-18: Launching Executing install in C__Users_Ihssane_Documents_Blog_Blog_Utilisateur] INFO  o.eclipse.m2e.core.internal.Bundles - 	Entry: C:\sts-4.17.2.RELEASE\plugins\org.eclipse.m2e.maven.runtime_3.8.604.20221130-2149\jars\maven-resolver-impl-1.6.3.jar
2023-12-23 23:21:41,005 [Worker-18: Launching Executing install in C__Users_Ihssane_Documents_Blog_Blog_Utilisateur] INFO  o.eclipse.m2e.core.internal.Bundles - 	Entry: C:\sts-4.17.2.RELEASE\plugins\org.eclipse.m2e.maven.runtime_3.8.604.20221130-2149\jars\maven-resolver-provider-3.8.6.jar
2023-12-23 23:21:41,005 [Worker-18: Launching Executing install in C__Users_Ihssane_Documents_Blog_Blog_Utilisateur] INFO  o.eclipse.m2e.core.internal.Bundles - 	Entry: C:\sts-4.17.2.RELEASE\plugins\org.eclipse.m2e.maven.runtime_3.8.604.20221130-2149\jars\maven-resolver-spi-1.6.3.jar
2023-12-23 23:21:41,005 [Worker-18: Launching Executing install in C__Users_Ihssane_Documents_Blog_Blog_Utilisateur] INFO  o.eclipse.m2e.core.internal.Bundles - 	Entry: C:\sts-4.17.2.RELEASE\plugins\org.eclipse.m2e.maven.runtime_3.8.604.20221130-2149\jars\maven-resolver-transport-wagon-1.6.3.jar
2023-12-23 23:21:41,005 [Worker-18: Launching Executing install in C__Users_Ihssane_Documents_Blog_Blog_Utilisateur] INFO  o.eclipse.m2e.core.internal.Bundles - 	Entry: C:\sts-4.17.2.RELEASE\plugins\org.eclipse.m2e.maven.runtime_3.8.604.20221130-2149\jars\maven-resolver-util-1.6.3.jar
2023-12-23 23:21:41,006 [Worker-18: Launching Executing install in C__Users_Ihssane_Documents_Blog_Blog_Utilisateur] INFO  o.eclipse.m2e.core.internal.Bundles - 	Entry: C:\sts-4.17.2.RELEASE\plugins\org.eclipse.m2e.maven.runtime_3.8.604.20221130-2149\jars\maven-settings-3.8.6.jar
2023-12-23 23:21:41,006 [Worker-18: Launching Executing install in C__Users_Ihssane_Documents_Blog_Blog_Utilisateur] INFO  o.eclipse.m2e.core.internal.Bundles - 	Entry: C:\sts-4.17.2.RELEASE\plugins\org.eclipse.m2e.maven.runtime_3.8.604.20221130-2149\jars\maven-settings-builder-3.8.6.jar
2023-12-23 23:21:41,006 [Worker-18: Launching Executing install in C__Users_Ihssane_Documents_Blog_Blog_Utilisateur] INFO  o.eclipse.m2e.core.internal.Bundles - 	Entry: C:\sts-4.17.2.RELEASE\plugins\org.eclipse.m2e.maven.runtime_3.8.604.20221130-2149\jars\maven-shared-utils-3.3.4.jar
2023-12-23 23:21:41,006 [Worker-18: Launching Executing install in C__Users_Ihssane_Documents_Blog_Blog_Utilisateur] INFO  o.eclipse.m2e.core.internal.Bundles - 	Entry: C:\sts-4.17.2.RELEASE\plugins\org.eclipse.m2e.maven.runtime_3.8.604.20221130-2149\jars\okhttp-3.14.1.jar
2023-12-23 23:21:41,006 [Worker-18: Launching Executing install in C__Users_Ihssane_Documents_Blog_Blog_Utilisateur] INFO  o.eclipse.m2e.core.internal.Bundles - 	Entry: C:\sts-4.17.2.RELEASE\plugins\org.eclipse.m2e.maven.runtime_3.8.604.20221130-2149\jars\okio-1.17.3.jar
2023-12-23 23:21:41,006 [Worker-18: Launching Executing install in C__Users_Ihssane_Documents_Blog_Blog_Utilisateur] INFO  o.eclipse.m2e.core.internal.Bundles - 	Entry: C:\sts-4.17.2.RELEASE\plugins\org.eclipse.m2e.maven.runtime_3.8.604.20221130-2149\jars\org.eclipse.sisu.inject-0.3.5.jar
2023-12-23 23:21:41,007 [Worker-18: Launching Executing install in C__Users_Ihssane_Documents_Blog_Blog_Utilisateur] INFO  o.eclipse.m2e.core.internal.Bundles - 	Entry: C:\sts-4.17.2.RELEASE\plugins\org.eclipse.m2e.maven.runtime_3.8.604.20221130-2149\jars\org.eclipse.sisu.plexus-0.3.5.jar
2023-12-23 23:21:41,007 [Worker-18: Launching Executing install in C__Users_Ihssane_Documents_Blog_Blog_Utilisateur] INFO  o.eclipse.m2e.core.internal.Bundles - 	Entry: C:\sts-4.17.2.RELEASE\plugins\org.eclipse.m2e.maven.runtime_3.8.604.20221130-2149\jars\plexus-build-api-0.0.7.jar
2023-12-23 23:21:41,007 [Worker-18: Launching Executing install in C__Users_Ihssane_Documents_Blog_Blog_Utilisateur] INFO  o.eclipse.m2e.core.internal.Bundles - 	Entry: C:\sts-4.17.2.RELEASE\plugins\org.eclipse.m2e.maven.runtime_3.8.604.20221130-2149\jars\plexus-cipher-2.0.jar
2023-12-23 23:21:41,007 [Worker-18: Launching Executing install in C__Users_Ihssane_Documents_Blog_Blog_Utilisateur] INFO  o.eclipse.m2e.core.internal.Bundles - 	Entry: C:\sts-4.17.2.RELEASE\plugins\org.eclipse.m2e.maven.runtime_3.8.604.20221130-2149\jars\plexus-classworlds-2.6.0.jar
2023-12-23 23:21:41,007 [Worker-18: Launching Executing install in C__Users_Ihssane_Documents_Blog_Blog_Utilisateur] INFO  o.eclipse.m2e.core.internal.Bundles - 	Entry: C:\sts-4.17.2.RELEASE\plugins\org.eclipse.m2e.maven.runtime_3.8.604.20221130-2149\jars\plexus-component-annotations-2.1.0.jar
2023-12-23 23:21:41,007 [Worker-18: Launching Executing install in C__Users_Ihssane_Documents_Blog_Blog_Utilisateur] INFO  o.eclipse.m2e.core.internal.Bundles - 	Entry: C:\sts-4.17.2.RELEASE\plugins\org.eclipse.m2e.maven.runtime_3.8.604.20221130-2149\jars\plexus-interpolation-1.26.jar
2023-12-23 23:21:41,007 [Worker-18: Launching Executing install in C__Users_Ihssane_Documents_Blog_Blog_Utilisateur] INFO  o.eclipse.m2e.core.internal.Bundles - 	Entry: C:\sts-4.17.2.RELEASE\plugins\org.eclipse.m2e.maven.runtime_3.8.604.20221130-2149\jars\plexus-sec-dispatcher-2.0.jar
2023-12-23 23:21:41,007 [Worker-18: Launching Executing install in C__Users_Ihssane_Documents_Blog_Blog_Utilisateur] INFO  o.eclipse.m2e.core.internal.Bundles - 	Entry: C:\sts-4.17.2.RELEASE\plugins\org.eclipse.m2e.maven.runtime_3.8.604.20221130-2149\jars\plexus-utils-3.3.1.jar
2023-12-23 23:21:41,008 [Worker-18: Launching Executing install in C__Users_Ihssane_Documents_Blog_Blog_Utilisateur] INFO  o.eclipse.m2e.core.internal.Bundles - 	Entry: C:\sts-4.17.2.RELEASE\plugins\org.eclipse.m2e.maven.runtime_3.8.604.20221130-2149\jars\wagon-file-3.5.1.jar
2023-12-23 23:21:41,008 [Worker-18: Launching Executing install in C__Users_Ihssane_Documents_Blog_Blog_Utilisateur] INFO  o.eclipse.m2e.core.internal.Bundles - 	Entry: C:\sts-4.17.2.RELEASE\plugins\org.eclipse.m2e.maven.runtime_3.8.604.20221130-2149\jars\wagon-provider-api-3.5.1.jar
2023-12-23 23:21:41,009 [Worker-18: Launching Executing install in C__Users_Ihssane_Documents_Blog_Blog_Utilisateur] INFO  o.eclipse.m2e.core.internal.Bundles - getClasspathEntries(Bundle=com.google.guava_30.1.0.v20221112-0806 [22])
2023-12-23 23:21:41,010 [Worker-18: Launching Executing install in C__Users_Ihssane_Documents_Blog_Blog_Utilisateur] INFO  o.eclipse.m2e.core.internal.Bundles - 	Entry: C:\sts-4.17.2.RELEASE\plugins\com.google.guava_30.1.0.v20221112-0806.jar
2023-12-23 23:21:41,010 [Worker-18: Launching Executing install in C__Users_Ihssane_Documents_Blog_Blog_Utilisateur] INFO  o.eclipse.m2e.core.internal.Bundles - getClasspathEntries(Bundle=slf4j.api_1.7.36 [584])
2023-12-23 23:21:41,012 [Worker-18: Launching Executing install in C__Users_Ihssane_Documents_Blog_Blog_Utilisateur] INFO  o.eclipse.m2e.core.internal.Bundles - 	Entry: C:\sts-4.17.2.RELEASE\plugins\slf4j.api_1.7.36.jar
2023-12-23 23:21:41,012 [Worker-18: Launching Executing install in C__Users_Ihssane_Documents_Blog_Blog_Utilisateur] INFO  o.eclipse.m2e.core.internal.Bundles - getClasspathEntries(Bundle=javax.inject_1.0.0.v20220405-0441 [49])
2023-12-23 23:21:41,014 [Worker-18: Launching Executing install in C__Users_Ihssane_Documents_Blog_Blog_Utilisateur] INFO  o.eclipse.m2e.core.internal.Bundles - 	Entry: C:\sts-4.17.2.RELEASE\plugins\javax.inject_1.0.0.v20220405-0441.jar
2023-12-23 23:21:41,014 [Worker-18: Launching Executing install in C__Users_Ihssane_Documents_Blog_Blog_Utilisateur] INFO  o.eclipse.m2e.core.internal.Bundles - getClasspathEntries(Bundle=javax.annotation_1.3.5.v20221112-0806 [47])
2023-12-23 23:21:41,015 [Worker-18: Launching Executing install in C__Users_Ihssane_Documents_Blog_Blog_Utilisateur] INFO  o.eclipse.m2e.core.internal.Bundles - 	Entry: C:\sts-4.17.2.RELEASE\plugins\javax.annotation_1.3.5.v20221112-0806.jar
2023-12-23 23:21:41,019 [Worker-18: Launching Executing install in C__Users_Ihssane_Documents_Blog_Blog_Utilisateur] INFO  o.e.m.i.launch.MavenLaunchDelegate - Run build in "C:\Users\Ihssane\Documents\Blog\Blog\Utilisateur":
2023-12-23 23:21:41,022 [Worker-18: Launching Executing install in C__Users_Ihssane_Documents_Blog_Blog_Utilisateur] INFO  o.e.m.i.launch.MavenLaunchDelegate -  mvn  -Ppom.xml -B -Dstyle.color=always install
2023-12-23 23:22:22,632 [Worker-19: Building] INFO  o.a.m.s.f.DefaultMavenResourcesFiltering - Copying 1 resource from src\main\resources to target\classes
2023-12-23 23:22:22,638 [Worker-19: Building] INFO  o.a.m.s.f.DefaultMavenResourcesFiltering - Copying 0 resource from src\main\resources to target\classes
2023-12-23 23:22:22,641 [Worker-19: Building] INFO  o.a.m.s.f.DefaultMavenResourcesFiltering - skip non existing resourceDirectory C:\Users\Ihssane\Documents\Blog\Blog\Utilisateur\src\test\resources
2023-12-23 23:23:15,391 [Worker-20: Building] INFO  o.a.m.s.f.DefaultMavenResourcesFiltering - Copying 1 resource from src\main\resources to target\classes
2023-12-23 23:23:15,394 [Worker-20: Building] INFO  o.a.m.s.f.DefaultMavenResourcesFiltering - Copying 0 resource from src\main\resources to target\classes
2023-12-23 23:23:15,397 [Worker-20: Building] INFO  o.a.m.s.f.DefaultMavenResourcesFiltering - skip non existing resourceDirectory C:\Users\Ihssane\Documents\Blog\Blog\Utilisateur\src\test\resources
2023-12-23 23:23:18,886 [Worker-20: Building] INFO  o.a.m.s.f.DefaultMavenResourcesFiltering - Copying 1 resource from src\main\resources to target\classes
2023-12-23 23:23:18,892 [Worker-20: Building] INFO  o.a.m.s.f.DefaultMavenResourcesFiltering - Copying 0 resource from src\main\resources to target\classes
2023-12-23 23:23:18,895 [Worker-20: Building] INFO  o.a.m.s.f.DefaultMavenResourcesFiltering - skip non existing resourceDirectory C:\Users\Ihssane\Documents\Blog\Blog\Utilisateur\src\test\resources
2023-12-23 23:23:25,889 [Worker-15: Launching Executing install in C__Users_Ihssane_Documents_Blog_Blog_Utilisateur] INFO  o.e.m.i.launch.MavenLaunchDelegate - Run build in "C:\Users\Ihssane\Documents\Blog\Blog\Utilisateur":
2023-12-23 23:23:25,889 [Worker-15: Launching Executing install in C__Users_Ihssane_Documents_Blog_Blog_Utilisateur] INFO  o.e.m.i.launch.MavenLaunchDelegate -  mvn  -Ppom.xml -B -Dstyle.color=always install
2023-12-23 23:24:15,224 [Worker-15: Building] INFO  o.a.m.s.f.DefaultMavenResourcesFiltering - Copying 0 resource from src\main\resources to target\classes
2023-12-23 23:24:15,225 [Worker-15: Building] INFO  o.a.m.s.f.DefaultMavenResourcesFiltering - Copying 0 resource from src\main\resources to target\classes
2023-12-23 23:24:15,235 [Worker-15: Building] INFO  o.a.m.s.f.DefaultMavenResourcesFiltering - skip non existing resourceDirectory C:\Users\Ihssane\Documents\Blog\Blog\Utilisateur\src\test\resources
2023-12-23 23:24:44,021 [Worker-20: Building] INFO  o.a.m.s.f.DefaultMavenResourcesFiltering - Copying 1 resource from src\main\resources to target\classes
2023-12-23 23:24:44,031 [Worker-20: Building] INFO  o.a.m.s.f.DefaultMavenResourcesFiltering - Copying 0 resource from src\main\resources to target\classes
2023-12-23 23:24:44,036 [Worker-20: Building] INFO  o.a.m.s.f.DefaultMavenResourcesFiltering - skip non existing resourceDirectory C:\Users\Ihssane\Documents\Blog\Blog\Utilisateur\src\test\resources
2023-12-23 23:25:08,021 [Worker-15: Building] INFO  o.a.m.s.f.DefaultMavenResourcesFiltering - Copying 1 resource from src\main\resources to target\classes
2023-12-23 23:25:08,024 [Worker-15: Building] INFO  o.a.m.s.f.DefaultMavenResourcesFiltering - Copying 0 resource from src\main\resources to target\classes
2023-12-23 23:25:08,028 [Worker-15: Building] INFO  o.a.m.s.f.DefaultMavenResourcesFiltering - skip non existing resourceDirectory C:\Users\Ihssane\Documents\Blog\Blog\Utilisateur\src\test\resources
2023-12-23 23:25:15,529 [Worker-20: Building] INFO  o.a.m.s.f.DefaultMavenResourcesFiltering - Copying 1 resource from src\main\resources to target\classes
2023-12-23 23:25:15,536 [Worker-20: Building] INFO  o.a.m.s.f.DefaultMavenResourcesFiltering - Copying 0 resource from src\main\resources to target\classes
2023-12-23 23:25:15,539 [Worker-20: Building] INFO  o.a.m.s.f.DefaultMavenResourcesFiltering - skip non existing resourceDirectory C:\Users\Ihssane\Documents\Blog\Blog\Utilisateur\src\test\resources
2023-12-23 23:25:17,300 [Worker-18: Building] INFO  o.a.m.s.f.DefaultMavenResourcesFiltering - Copying 1 resource from src\main\resources to target\classes
2023-12-23 23:25:17,304 [Worker-18: Building] INFO  o.a.m.s.f.DefaultMavenResourcesFiltering - Copying 0 resource from src\main\resources to target\classes
2023-12-23 23:25:17,308 [Worker-18: Building] INFO  o.a.m.s.f.DefaultMavenResourcesFiltering - skip non existing resourceDirectory C:\Users\Ihssane\Documents\Blog\Blog\Utilisateur\src\test\resources
2023-12-23 23:25:20,128 [Worker-14: Building] INFO  o.a.m.s.f.DefaultMavenResourcesFiltering - Copying 1 resource from src\main\resources to target\classes
2023-12-23 23:25:20,137 [Worker-14: Building] INFO  o.a.m.s.f.DefaultMavenResourcesFiltering - Copying 0 resource from src\main\resources to target\classes
2023-12-23 23:25:20,142 [Worker-14: Building] INFO  o.a.m.s.f.DefaultMavenResourcesFiltering - skip non existing resourceDirectory C:\Users\Ihssane\Documents\Blog\Blog\Utilisateur\src\test\resources
2023-12-23 23:25:43,783 [Worker-18: Building] INFO  o.a.m.s.f.DefaultMavenResourcesFiltering - Copying 1 resource from src\main\resources to target\classes
2023-12-23 23:25:43,791 [Worker-18: Building] INFO  o.a.m.s.f.DefaultMavenResourcesFiltering - Copying 0 resource from src\main\resources to target\classes
2023-12-23 23:25:43,797 [Worker-18: Building] INFO  o.a.m.s.f.DefaultMavenResourcesFiltering - skip non existing resourceDirectory C:\Users\Ihssane\Documents\Blog\Blog\Utilisateur\src\test\resources
2023-12-23 23:25:54,679 [Worker-14: Building] INFO  o.a.m.s.f.DefaultMavenResourcesFiltering - Copying 1 resource from src\main\resources to target\classes
2023-12-23 23:25:54,685 [Worker-14: Building] INFO  o.a.m.s.f.DefaultMavenResourcesFiltering - Copying 0 resource from src\main\resources to target\classes
2023-12-23 23:25:54,689 [Worker-14: Building] INFO  o.a.m.s.f.DefaultMavenResourcesFiltering - skip non existing resourceDirectory C:\Users\Ihssane\Documents\Blog\Blog\Utilisateur\src\test\resources
2023-12-23 23:26:39,575 [Worker-20: Building] INFO  o.a.m.s.f.DefaultMavenResourcesFiltering - Copying 1 resource from src\main\resources to target\classes
2023-12-23 23:26:39,580 [Worker-20: Building] INFO  o.a.m.s.f.DefaultMavenResourcesFiltering - Copying 0 resource from src\main\resources to target\classes
2023-12-23 23:26:39,583 [Worker-20: Building] INFO  o.a.m.s.f.DefaultMavenResourcesFiltering - skip non existing resourceDirectory C:\Users\Ihssane\Documents\Blog\Blog\Utilisateur\src\test\resources
2023-12-23 23:27:18,585 [Worker-15: Building] INFO  o.a.m.s.f.DefaultMavenResourcesFiltering - Copying 1 resource from src\main\resources to target\classes
2023-12-23 23:27:18,593 [Worker-15: Building] INFO  o.a.m.s.f.DefaultMavenResourcesFiltering - Copying 0 resource from src\main\resources to target\classes
2023-12-23 23:27:18,597 [Worker-15: Building] INFO  o.a.m.s.f.DefaultMavenResourcesFiltering - skip non existing resourceDirectory C:\Users\Ihssane\Documents\Blog\Blog\Utilisateur\src\test\resources
2023-12-23 23:27:23,222 [Worker-18: Building] INFO  o.a.m.s.f.DefaultMavenResourcesFiltering - Copying 1 resource from src\main\resources to target\classes
2023-12-23 23:27:23,228 [Worker-18: Building] INFO  o.a.m.s.f.DefaultMavenResourcesFiltering - Copying 0 resource from src\main\resources to target\classes
2023-12-23 23:27:23,233 [Worker-18: Building] INFO  o.a.m.s.f.DefaultMavenResourcesFiltering - skip non existing resourceDirectory C:\Users\Ihssane\Documents\Blog\Blog\Utilisateur\src\test\resources
2023-12-23 23:27:28,009 [Worker-21: Building] INFO  o.a.m.s.f.DefaultMavenResourcesFiltering - Copying 1 resource from src\main\resources to target\classes
2023-12-23 23:27:28,015 [Worker-21: Building] INFO  o.a.m.s.f.DefaultMavenResourcesFiltering - Copying 0 resource from src\main\resources to target\classes
2023-12-23 23:27:28,021 [Worker-21: Building] INFO  o.a.m.s.f.DefaultMavenResourcesFiltering - skip non existing resourceDirectory C:\Users\Ihssane\Documents\Blog\Blog\Utilisateur\src\test\resources
2023-12-23 23:27:39,707 [Worker-20: Building] INFO  o.a.m.s.f.DefaultMavenResourcesFiltering - Copying 1 resource from src\main\resources to target\classes
2023-12-23 23:27:39,714 [Worker-20: Building] INFO  o.a.m.s.f.DefaultMavenResourcesFiltering - Copying 0 resource from src\main\resources to target\classes
2023-12-23 23:27:39,720 [Worker-20: Building] INFO  o.a.m.s.f.DefaultMavenResourcesFiltering - skip non existing resourceDirectory C:\Users\Ihssane\Documents\Blog\Blog\Utilisateur\src\test\resources
2023-12-23 23:27:48,933 [Worker-19: Building] INFO  o.a.m.s.f.DefaultMavenResourcesFiltering - Copying 1 resource from src\main\resources to target\classes
2023-12-23 23:27:48,941 [Worker-19: Building] INFO  o.a.m.s.f.DefaultMavenResourcesFiltering - Copying 0 resource from src\main\resources to target\classes
2023-12-23 23:27:48,944 [Worker-19: Building] INFO  o.a.m.s.f.DefaultMavenResourcesFiltering - skip non existing resourceDirectory C:\Users\Ihssane\Documents\Blog\Blog\Utilisateur\src\test\resources
2023-12-23 23:28:19,870 [Worker-18: Building] INFO  o.a.m.s.f.DefaultMavenResourcesFiltering - Copying 1 resource from src\main\resources to target\classes
2023-12-23 23:28:19,875 [Worker-18: Building] INFO  o.a.m.s.f.DefaultMavenResourcesFiltering - Copying 0 resource from src\main\resources to target\classes
2023-12-23 23:28:19,878 [Worker-18: Building] INFO  o.a.m.s.f.DefaultMavenResourcesFiltering - skip non existing resourceDirectory C:\Users\Ihssane\Documents\Blog\Blog\Utilisateur\src\test\resources
2023-12-23 23:28:26,189 [Worker-18: Building] INFO  o.a.m.s.f.DefaultMavenResourcesFiltering - Copying 1 resource from src\main\resources to target\classes
2023-12-23 23:28:26,195 [Worker-18: Building] INFO  o.a.m.s.f.DefaultMavenResourcesFiltering - Copying 0 resource from src\main\resources to target\classes
2023-12-23 23:28:26,198 [Worker-18: Building] INFO  o.a.m.s.f.DefaultMavenResourcesFiltering - skip non existing resourceDirectory C:\Users\Ihssane\Documents\Blog\Blog\Utilisateur\src\test\resources
2023-12-23 23:28:27,335 [Worker-19: Building] INFO  o.a.m.s.f.DefaultMavenResourcesFiltering - Copying 1 resource from src\main\resources to target\classes
2023-12-23 23:28:27,339 [Worker-19: Building] INFO  o.a.m.s.f.DefaultMavenResourcesFiltering - Copying 0 resource from src\main\resources to target\classes
2023-12-23 23:28:27,341 [Worker-19: Building] INFO  o.a.m.s.f.DefaultMavenResourcesFiltering - skip non existing resourceDirectory C:\Users\Ihssane\Documents\Blog\Blog\Utilisateur\src\test\resources
2023-12-23 23:28:55,516 [Worker-15: Launching Executing install in C__Users_Ihssane_Documents_Blog_Blog_Utilisateur] INFO  o.e.m.i.launch.MavenLaunchDelegate - Run build in "C:\Users\Ihssane\Documents\Blog\Blog\Utilisateur":
2023-12-23 23:28:55,516 [Worker-15: Launching Executing install in C__Users_Ihssane_Documents_Blog_Blog_Utilisateur] INFO  o.e.m.i.launch.MavenLaunchDelegate -  mvn  -Ppom.xml -B -Dstyle.color=always install
2023-12-23 23:29:36,196 [Worker-15: Building] INFO  o.a.m.s.f.DefaultMavenResourcesFiltering - Copying 1 resource from src\main\resources to target\classes
2023-12-23 23:29:36,202 [Worker-15: Building] INFO  o.a.m.s.f.DefaultMavenResourcesFiltering - Copying 0 resource from src\main\resources to target\classes
2023-12-23 23:29:36,208 [Worker-15: Building] INFO  o.a.m.s.f.DefaultMavenResourcesFiltering - skip non existing resourceDirectory C:\Users\Ihssane\Documents\Blog\Blog\Utilisateur\src\test\resources
2023-12-23 23:34:01,081 [Worker-24: Building] INFO  o.a.m.s.f.DefaultMavenResourcesFiltering - Copying 1 resource from src\main\resources to target\classes
2023-12-23 23:34:01,087 [Worker-24: Building] INFO  o.a.m.s.f.DefaultMavenResourcesFiltering - Copying 0 resource from src\main\resources to target\classes
2023-12-23 23:34:01,090 [Worker-24: Building] INFO  o.a.m.s.f.DefaultMavenResourcesFiltering - skip non existing resourceDirectory C:\Users\Ihssane\Documents\Blog\Blog\Utilisateur\src\test\resources
2023-12-23 23:42:13,334 [Worker-22: Building] INFO  o.a.m.s.f.DefaultMavenResourcesFiltering - Copying 1 resource from src\main\resources to target\classes
2023-12-23 23:42:13,349 [Worker-22: Building] INFO  o.a.m.s.f.DefaultMavenResourcesFiltering - Copying 0 resource from src\main\resources to target\classes
2023-12-23 23:42:13,352 [Worker-22: Building] INFO  o.a.m.s.f.DefaultMavenResourcesFiltering - skip non existing resourceDirectory C:\Users\Ihssane\Documents\Blog\Blog\Utilisateur\src\test\resources
2023-12-23 23:42:36,601 [Worker-29: Building] INFO  o.a.m.s.f.DefaultMavenResourcesFiltering - Copying 1 resource from src\main\resources to target\classes
2023-12-23 23:42:36,612 [Worker-29: Building] INFO  o.a.m.s.f.DefaultMavenResourcesFiltering - Copying 0 resource from src\main\resources to target\classes
2023-12-23 23:42:36,614 [Worker-29: Building] INFO  o.a.m.s.f.DefaultMavenResourcesFiltering - skip non existing resourceDirectory C:\Users\Ihssane\Documents\Blog\Blog\Utilisateur\src\test\resources
2023-12-23 23:43:03,845 [Worker-26: Building] INFO  o.a.m.s.f.DefaultMavenResourcesFiltering - Copying 1 resource from src\main\resources to target\classes
2023-12-23 23:43:03,855 [Worker-26: Building] INFO  o.a.m.s.f.DefaultMavenResourcesFiltering - Copying 0 resource from src\main\resources to target\classes
2023-12-23 23:43:03,858 [Worker-26: Building] INFO  o.a.m.s.f.DefaultMavenResourcesFiltering - skip non existing resourceDirectory C:\Users\Ihssane\Documents\Blog\Blog\Utilisateur\src\test\resources
2023-12-23 23:43:25,069 [Worker-27: Building] INFO  o.a.m.s.f.DefaultMavenResourcesFiltering - Copying 1 resource from src\main\resources to target\classes
2023-12-23 23:43:25,075 [Worker-27: Building] INFO  o.a.m.s.f.DefaultMavenResourcesFiltering - Copying 0 resource from src\main\resources to target\classes
2023-12-23 23:43:25,080 [Worker-27: Building] INFO  o.a.m.s.f.DefaultMavenResourcesFiltering - skip non existing resourceDirectory C:\Users\Ihssane\Documents\Blog\Blog\Utilisateur\src\test\resources
2023-12-23 23:43:32,782 [Worker-22: Building] INFO  o.a.m.s.f.DefaultMavenResourcesFiltering - Copying 1 resource from src\main\resources to target\classes
2023-12-23 23:43:32,791 [Worker-22: Building] INFO  o.a.m.s.f.DefaultMavenResourcesFiltering - Copying 0 resource from src\main\resources to target\classes
2023-12-23 23:43:32,796 [Worker-22: Building] INFO  o.a.m.s.f.DefaultMavenResourcesFiltering - skip non existing resourceDirectory C:\Users\Ihssane\Documents\Blog\Blog\Utilisateur\src\test\resources
2023-12-23 23:43:37,719 [Worker-29: Building] INFO  o.a.m.s.f.DefaultMavenResourcesFiltering - Copying 1 resource from src\main\resources to target\classes
2023-12-23 23:43:37,725 [Worker-29: Building] INFO  o.a.m.s.f.DefaultMavenResourcesFiltering - Copying 0 resource from src\main\resources to target\classes
2023-12-23 23:43:37,729 [Worker-29: Building] INFO  o.a.m.s.f.DefaultMavenResourcesFiltering - skip non existing resourceDirectory C:\Users\Ihssane\Documents\Blog\Blog\Utilisateur\src\test\resources
2023-12-23 23:43:47,913 [Worker-22: Building] INFO  o.a.m.s.f.DefaultMavenResourcesFiltering - Copying 1 resource from src\main\resources to target\classes
2023-12-23 23:43:47,918 [Worker-22: Building] INFO  o.a.m.s.f.DefaultMavenResourcesFiltering - Copying 0 resource from src\main\resources to target\classes
2023-12-23 23:43:47,921 [Worker-22: Building] INFO  o.a.m.s.f.DefaultMavenResourcesFiltering - skip non existing resourceDirectory C:\Users\Ihssane\Documents\Blog\Blog\Utilisateur\src\test\resources
2023-12-23 23:44:47,300 [Worker-22: Building] INFO  o.a.m.s.f.DefaultMavenResourcesFiltering - Copying 1 resource from src\main\resources to target\classes
2023-12-23 23:44:47,305 [Worker-22: Building] INFO  o.a.m.s.f.DefaultMavenResourcesFiltering - Copying 0 resource from src\main\resources to target\classes
2023-12-23 23:44:47,308 [Worker-22: Building] INFO  o.a.m.s.f.DefaultMavenResourcesFiltering - skip non existing resourceDirectory C:\Users\Ihssane\Documents\Blog\Blog\Utilisateur\src\test\resources
2023-12-23 23:45:03,031 [Worker-28: Building] INFO  o.a.m.s.f.DefaultMavenResourcesFiltering - Copying 1 resource from src\main\resources to target\classes
2023-12-23 23:45:03,035 [Worker-28: Building] INFO  o.a.m.s.f.DefaultMavenResourcesFiltering - Copying 0 resource from src\main\resources to target\classes
2023-12-23 23:45:03,036 [Worker-28: Building] INFO  o.a.m.s.f.DefaultMavenResourcesFiltering - skip non existing resourceDirectory C:\Users\Ihssane\Documents\Blog\Blog\Utilisateur\src\test\resources
2023-12-23 23:45:23,101 [Worker-29: Building] INFO  o.a.m.s.f.DefaultMavenResourcesFiltering - Copying 1 resource from src\main\resources to target\classes
2023-12-23 23:45:23,107 [Worker-29: Building] INFO  o.a.m.s.f.DefaultMavenResourcesFiltering - Copying 0 resource from src\main\resources to target\classes
2023-12-23 23:45:23,110 [Worker-29: Building] INFO  o.a.m.s.f.DefaultMavenResourcesFiltering - skip non existing resourceDirectory C:\Users\Ihssane\Documents\Blog\Blog\Utilisateur\src\test\resources
2023-12-23 23:45:56,197 [Worker-27: Building] INFO  o.a.m.s.f.DefaultMavenResourcesFiltering - Copying 1 resource from src\main\resources to target\classes
2023-12-23 23:45:56,202 [Worker-27: Building] INFO  o.a.m.s.f.DefaultMavenResourcesFiltering - Copying 0 resource from src\main\resources to target\classes
2023-12-23 23:45:56,204 [Worker-27: Building] INFO  o.a.m.s.f.DefaultMavenResourcesFiltering - skip non existing resourceDirectory C:\Users\Ihssane\Documents\Blog\Blog\Utilisateur\src\test\resources
2023-12-23 23:46:02,857 [Worker-26: Building] INFO  o.a.m.s.f.DefaultMavenResourcesFiltering - Copying 1 resource from src\main\resources to target\classes
2023-12-23 23:46:02,864 [Worker-26: Building] INFO  o.a.m.s.f.DefaultMavenResourcesFiltering - Copying 0 resource from src\main\resources to target\classes
2023-12-23 23:46:02,868 [Worker-26: Building] INFO  o.a.m.s.f.DefaultMavenResourcesFiltering - skip non existing resourceDirectory C:\Users\Ihssane\Documents\Blog\Blog\Utilisateur\src\test\resources
2023-12-23 23:46:14,069 [Worker-28: Building] INFO  o.a.m.s.f.DefaultMavenResourcesFiltering - Copying 1 resource from src\main\resources to target\classes
2023-12-23 23:46:14,074 [Worker-28: Building] INFO  o.a.m.s.f.DefaultMavenResourcesFiltering - Copying 0 resource from src\main\resources to target\classes
2023-12-23 23:46:14,077 [Worker-28: Building] INFO  o.a.m.s.f.DefaultMavenResourcesFiltering - skip non existing resourceDirectory C:\Users\Ihssane\Documents\Blog\Blog\Utilisateur\src\test\resources
2023-12-23 23:46:25,570 [Worker-21: Building] INFO  o.a.m.s.f.DefaultMavenResourcesFiltering - Copying 1 resource from src\main\resources to target\classes
2023-12-23 23:46:25,574 [Worker-21: Building] INFO  o.a.m.s.f.DefaultMavenResourcesFiltering - Copying 0 resource from src\main\resources to target\classes
2023-12-23 23:46:25,578 [Worker-21: Building] INFO  o.a.m.s.f.DefaultMavenResourcesFiltering - skip non existing resourceDirectory C:\Users\Ihssane\Documents\Blog\Blog\Utilisateur\src\test\resources
2023-12-23 23:48:41,330 [Worker-26: Building] INFO  o.a.m.s.f.DefaultMavenResourcesFiltering - Copying 1 resource from src\main\resources to target\classes
2023-12-23 23:48:41,336 [Worker-26: Building] INFO  o.a.m.s.f.DefaultMavenResourcesFiltering - Copying 0 resource from src\main\resources to target\classes
2023-12-23 23:48:41,340 [Worker-26: Building] INFO  o.a.m.s.f.DefaultMavenResourcesFiltering - skip non existing resourceDirectory C:\Users\Ihssane\Documents\Blog\Blog\Utilisateur\src\test\resources
2023-12-23 23:48:46,274 [Worker-29: Building] INFO  o.a.m.s.f.DefaultMavenResourcesFiltering - Copying 1 resource from src\main\resources to target\classes
2023-12-23 23:48:46,281 [Worker-29: Building] INFO  o.a.m.s.f.DefaultMavenResourcesFiltering - Copying 0 resource from src\main\resources to target\classes
2023-12-23 23:48:46,284 [Worker-29: Building] INFO  o.a.m.s.f.DefaultMavenResourcesFiltering - skip non existing resourceDirectory C:\Users\Ihssane\Documents\Blog\Blog\Utilisateur\src\test\resources
2023-12-23 23:48:54,193 [Worker-26: Building] INFO  o.a.m.s.f.DefaultMavenResourcesFiltering - Copying 1 resource from src\main\resources to target\classes
2023-12-23 23:48:54,201 [Worker-26: Building] INFO  o.a.m.s.f.DefaultMavenResourcesFiltering - Copying 0 resource from src\main\resources to target\classes
2023-12-23 23:48:54,205 [Worker-26: Building] INFO  o.a.m.s.f.DefaultMavenResourcesFiltering - skip non existing resourceDirectory C:\Users\Ihssane\Documents\Blog\Blog\Utilisateur\src\test\resources
2023-12-23 23:49:07,447 [Worker-29: Building] INFO  o.a.m.s.f.DefaultMavenResourcesFiltering - Copying 1 resource from src\main\resources to target\classes
2023-12-23 23:49:07,453 [Worker-29: Building] INFO  o.a.m.s.f.DefaultMavenResourcesFiltering - Copying 0 resource from src\main\resources to target\classes
2023-12-23 23:49:07,456 [Worker-29: Building] INFO  o.a.m.s.f.DefaultMavenResourcesFiltering - skip non existing resourceDirectory C:\Users\Ihssane\Documents\Blog\Blog\Utilisateur\src\test\resources
2023-12-23 23:50:03,102 [Worker-26: Building] INFO  o.a.m.s.f.DefaultMavenResourcesFiltering - Copying 1 resource from src\main\resources to target\classes
2023-12-23 23:50:03,107 [Worker-26: Building] INFO  o.a.m.s.f.DefaultMavenResourcesFiltering - Copying 0 resource from src\main\resources to target\classes
2023-12-23 23:50:03,110 [Worker-26: Building] INFO  o.a.m.s.f.DefaultMavenResourcesFiltering - skip non existing resourceDirectory C:\Users\Ihssane\Documents\Blog\Blog\Utilisateur\src\test\resources
2023-12-23 23:50:05,873 [Worker-31: Building] INFO  o.a.m.s.f.DefaultMavenResourcesFiltering - Copying 1 resource from src\main\resources to target\classes
2023-12-23 23:50:05,880 [Worker-31: Building] INFO  o.a.m.s.f.DefaultMavenResourcesFiltering - Copying 0 resource from src\main\resources to target\classes
2023-12-23 23:50:05,884 [Worker-31: Building] INFO  o.a.m.s.f.DefaultMavenResourcesFiltering - skip non existing resourceDirectory C:\Users\Ihssane\Documents\Blog\Blog\Utilisateur\src\test\resources
2023-12-23 23:50:12,244 [Worker-31: Building] INFO  o.a.m.s.f.DefaultMavenResourcesFiltering - Copying 1 resource from src\main\resources to target\classes
2023-12-23 23:50:12,251 [Worker-31: Building] INFO  o.a.m.s.f.DefaultMavenResourcesFiltering - Copying 0 resource from src\main\resources to target\classes
2023-12-23 23:50:12,255 [Worker-31: Building] INFO  o.a.m.s.f.DefaultMavenResourcesFiltering - skip non existing resourceDirectory C:\Users\Ihssane\Documents\Blog\Blog\Utilisateur\src\test\resources
2023-12-23 23:50:15,260 [Worker-22: Building] INFO  o.a.m.s.f.DefaultMavenResourcesFiltering - Copying 1 resource from src\main\resources to target\classes
2023-12-23 23:50:15,267 [Worker-22: Building] INFO  o.a.m.s.f.DefaultMavenResourcesFiltering - Copying 0 resource from src\main\resources to target\classes
2023-12-23 23:50:15,270 [Worker-22: Building] INFO  o.a.m.s.f.DefaultMavenResourcesFiltering - skip non existing resourceDirectory C:\Users\Ihssane\Documents\Blog\Blog\Utilisateur\src\test\resources
2023-12-23 23:51:36,449 [Worker-28: Building] INFO  o.a.m.s.f.DefaultMavenResourcesFiltering - Copying 1 resource from src\main\resources to target\classes
2023-12-23 23:51:36,455 [Worker-28: Building] INFO  o.a.m.s.f.DefaultMavenResourcesFiltering - Copying 0 resource from src\main\resources to target\classes
2023-12-23 23:51:36,458 [Worker-28: Building] INFO  o.a.m.s.f.DefaultMavenResourcesFiltering - skip non existing resourceDirectory C:\Users\Ihssane\Documents\Blog\Blog\Utilisateur\src\test\resources
2023-12-23 23:51:44,760 [Worker-31: Building] INFO  o.a.m.s.f.DefaultMavenResourcesFiltering - Copying 1 resource from src\main\resources to target\classes
2023-12-23 23:51:44,766 [Worker-31: Building] INFO  o.a.m.s.f.DefaultMavenResourcesFiltering - Copying 0 resource from src\main\resources to target\classes
2023-12-23 23:51:44,771 [Worker-31: Building] INFO  o.a.m.s.f.DefaultMavenResourcesFiltering - skip non existing resourceDirectory C:\Users\Ihssane\Documents\Blog\Blog\Utilisateur\src\test\resources
2023-12-23 23:51:48,255 [Worker-32: Building] INFO  o.a.m.s.f.DefaultMavenResourcesFiltering - Copying 1 resource from src\main\resources to target\classes
2023-12-23 23:51:48,262 [Worker-32: Building] INFO  o.a.m.s.f.DefaultMavenResourcesFiltering - Copying 0 resource from src\main\resources to target\classes
2023-12-23 23:51:48,265 [Worker-32: Building] INFO  o.a.m.s.f.DefaultMavenResourcesFiltering - skip non existing resourceDirectory C:\Users\Ihssane\Documents\Blog\Blog\Utilisateur\src\test\resources
2023-12-23 23:52:06,968 [Worker-30: Building] INFO  o.a.m.s.f.DefaultMavenResourcesFiltering - Copying 1 resource from src\main\resources to target\classes
2023-12-23 23:52:06,973 [Worker-30: Building] INFO  o.a.m.s.f.DefaultMavenResourcesFiltering - Copying 0 resource from src\main\resources to target\classes
2023-12-23 23:52:06,974 [Worker-30: Building] INFO  o.a.m.s.f.DefaultMavenResourcesFiltering - skip non existing resourceDirectory C:\Users\Ihssane\Documents\Blog\Blog\Utilisateur\src\test\resources
2023-12-23 23:52:22,300 [Worker-31: Building] INFO  o.a.m.s.f.DefaultMavenResourcesFiltering - Copying 1 resource from src\main\resources to target\classes
2023-12-23 23:52:22,304 [Worker-31: Building] INFO  o.a.m.s.f.DefaultMavenResourcesFiltering - Copying 0 resource from src\main\resources to target\classes
2023-12-23 23:52:22,307 [Worker-31: Building] INFO  o.a.m.s.f.DefaultMavenResourcesFiltering - skip non existing resourceDirectory C:\Users\Ihssane\Documents\Blog\Blog\Utilisateur\src\test\resources
2023-12-23 23:52:38,207 [Worker-21: Building] INFO  o.a.m.s.f.DefaultMavenResourcesFiltering - Copying 1 resource from src\main\resources to target\classes
2023-12-23 23:52:38,213 [Worker-21: Building] INFO  o.a.m.s.f.DefaultMavenResourcesFiltering - Copying 0 resource from src\main\resources to target\classes
2023-12-23 23:52:38,215 [Worker-21: Building] INFO  o.a.m.s.f.DefaultMavenResourcesFiltering - skip non existing resourceDirectory C:\Users\Ihssane\Documents\Blog\Blog\Utilisateur\src\test\resources
2023-12-23 23:52:53,269 [Worker-28: Launching Executing install in C__Users_Ihssane_Documents_Blog_Blog_Utilisateur] INFO  o.e.m.i.launch.MavenLaunchDelegate - Run build in "C:\Users\Ihssane\Documents\Blog\Blog\Utilisateur":
2023-12-23 23:52:53,270 [Worker-28: Launching Executing install in C__Users_Ihssane_Documents_Blog_Blog_Utilisateur] INFO  o.e.m.i.launch.MavenLaunchDelegate -  mvn  -Ppom.xml -B -Dstyle.color=always install
2023-12-24 00:02:54,840 [Worker-33: Building] INFO  o.a.m.s.f.DefaultMavenResourcesFiltering - Copying 1 resource from src\main\resources to target\classes
2023-12-24 00:02:54,846 [Worker-33: Building] INFO  o.a.m.s.f.DefaultMavenResourcesFiltering - Copying 0 resource from src\main\resources to target\classes
2023-12-24 00:02:54,848 [Worker-33: Building] INFO  o.a.m.s.f.DefaultMavenResourcesFiltering - skip non existing resourceDirectory C:\Users\Ihssane\Documents\Blog\Blog\Utilisateur\src\test\resources
2023-12-24 00:03:55,157 [Worker-34: Building] INFO  o.a.m.s.f.DefaultMavenResourcesFiltering - Copying 1 resource from src\main\resources to target\classes
2023-12-24 00:03:55,162 [Worker-34: Building] INFO  o.a.m.s.f.DefaultMavenResourcesFiltering - Copying 0 resource from src\main\resources to target\classes
2023-12-24 00:03:55,164 [Worker-34: Building] INFO  o.a.m.s.f.DefaultMavenResourcesFiltering - skip non existing resourceDirectory C:\Users\Ihssane\Documents\Blog\Blog\Utilisateur\src\test\resources
2023-12-24 00:06:17,297 [Worker-31: Building] INFO  o.a.m.s.f.DefaultMavenResourcesFiltering - Copying 1 resource from src\main\resources to target\classes
2023-12-24 00:06:17,302 [Worker-31: Building] INFO  o.a.m.s.f.DefaultMavenResourcesFiltering - Copying 0 resource from src\main\resources to target\classes
2023-12-24 00:06:17,305 [Worker-31: Building] INFO  o.a.m.s.f.DefaultMavenResourcesFiltering - skip non existing resourceDirectory C:\Users\Ihssane\Documents\Blog\Blog\Utilisateur\src\test\resources
2023-12-24 00:06:21,983 [Worker-32: Building] INFO  o.a.m.s.f.DefaultMavenResourcesFiltering - Copying 1 resource from src\main\resources to target\classes
2023-12-24 00:06:21,987 [Worker-32: Building] INFO  o.a.m.s.f.DefaultMavenResourcesFiltering - Copying 0 resource from src\main\resources to target\classes
2023-12-24 00:06:21,990 [Worker-32: Building] INFO  o.a.m.s.f.DefaultMavenResourcesFiltering - skip non existing resourceDirectory C:\Users\Ihssane\Documents\Blog\Blog\Utilisateur\src\test\resources
2023-12-24 00:07:55,611 [Worker-35: Building] INFO  o.a.m.s.f.DefaultMavenResourcesFiltering - Copying 1 resource from src\main\resources to target\classes
2023-12-24 00:07:55,614 [Worker-35: Building] INFO  o.a.m.s.f.DefaultMavenResourcesFiltering - Copying 0 resource from src\main\resources to target\classes
2023-12-24 00:07:55,617 [Worker-35: Building] INFO  o.a.m.s.f.DefaultMavenResourcesFiltering - skip non existing resourceDirectory C:\Users\Ihssane\Documents\Blog\Blog\Utilisateur\src\test\resources
2023-12-24 00:07:56,678 [Worker-32: Building] INFO  o.a.m.s.f.DefaultMavenResourcesFiltering - Copying 1 resource from src\main\resources to target\classes
2023-12-24 00:07:56,681 [Worker-32: Building] INFO  o.a.m.s.f.DefaultMavenResourcesFiltering - Copying 0 resource from src\main\resources to target\classes
2023-12-24 00:07:56,683 [Worker-32: Building] INFO  o.a.m.s.f.DefaultMavenResourcesFiltering - skip non existing resourceDirectory C:\Users\Ihssane\Documents\Blog\Blog\Utilisateur\src\test\resources
2023-12-24 00:07:59,079 [Worker-35: Building] INFO  o.a.m.s.f.DefaultMavenResourcesFiltering - Copying 1 resource from src\main\resources to target\classes
2023-12-24 00:07:59,083 [Worker-35: Building] INFO  o.a.m.s.f.DefaultMavenResourcesFiltering - Copying 0 resource from src\main\resources to target\classes
2023-12-24 00:07:59,085 [Worker-35: Building] INFO  o.a.m.s.f.DefaultMavenResourcesFiltering - skip non existing resourceDirectory C:\Users\Ihssane\Documents\Blog\Blog\Utilisateur\src\test\resources
2023-12-24 00:09:26,755 [Worker-37: Building] INFO  o.a.m.s.f.DefaultMavenResourcesFiltering - Copying 1 resource from src\main\resources to target\classes
2023-12-24 00:09:26,760 [Worker-37: Building] INFO  o.a.m.s.f.DefaultMavenResourcesFiltering - Copying 0 resource from src\main\resources to target\classes
2023-12-24 00:09:26,762 [Worker-37: Building] INFO  o.a.m.s.f.DefaultMavenResourcesFiltering - skip non existing resourceDirectory C:\Users\Ihssane\Documents\Blog\Blog\Utilisateur\src\test\resources
2023-12-24 00:09:54,470 [Worker-35: Building] INFO  o.a.m.s.f.DefaultMavenResourcesFiltering - Copying 1 resource from src\main\resources to target\classes
2023-12-24 00:09:54,473 [Worker-35: Building] INFO  o.a.m.s.f.DefaultMavenResourcesFiltering - Copying 0 resource from src\main\resources to target\classes
2023-12-24 00:09:54,474 [Worker-35: Building] INFO  o.a.m.s.f.DefaultMavenResourcesFiltering - skip non existing resourceDirectory C:\Users\Ihssane\Documents\Blog\Blog\Utilisateur\src\test\resources
2023-12-24 00:10:17,351 [Worker-35: Building] INFO  o.a.m.s.f.DefaultMavenResourcesFiltering - Copying 1 resource from src\main\resources to target\classes
2023-12-24 00:10:17,355 [Worker-35: Building] INFO  o.a.m.s.f.DefaultMavenResourcesFiltering - Copying 0 resource from src\main\resources to target\classes
2023-12-24 00:10:17,357 [Worker-35: Building] INFO  o.a.m.s.f.DefaultMavenResourcesFiltering - skip non existing resourceDirectory C:\Users\Ihssane\Documents\Blog\Blog\Utilisateur\src\test\resources
2023-12-24 00:10:22,925 [Worker-35: Building] INFO  o.a.m.s.f.DefaultMavenResourcesFiltering - Copying 1 resource from src\main\resources to target\classes
2023-12-24 00:10:22,929 [Worker-35: Building] INFO  o.a.m.s.f.DefaultMavenResourcesFiltering - Copying 0 resource from src\main\resources to target\classes
2023-12-24 00:10:22,931 [Worker-35: Building] INFO  o.a.m.s.f.DefaultMavenResourcesFiltering - skip non existing resourceDirectory C:\Users\Ihssane\Documents\Blog\Blog\Utilisateur\src\test\resources
2023-12-24 00:10:33,900 [Worker-32: Building] INFO  o.a.m.s.f.DefaultMavenResourcesFiltering - Copying 1 resource from src\main\resources to target\classes
2023-12-24 00:10:33,907 [Worker-32: Building] INFO  o.a.m.s.f.DefaultMavenResourcesFiltering - Copying 0 resource from src\main\resources to target\classes
2023-12-24 00:10:33,912 [Worker-32: Building] INFO  o.a.m.s.f.DefaultMavenResourcesFiltering - skip non existing resourceDirectory C:\Users\Ihssane\Documents\Blog\Blog\Utilisateur\src\test\resources
2023-12-24 00:10:39,054 [Worker-36: Building] INFO  o.a.m.s.f.DefaultMavenResourcesFiltering - Copying 1 resource from src\main\resources to target\classes
2023-12-24 00:10:39,064 [Worker-36: Building] INFO  o.a.m.s.f.DefaultMavenResourcesFiltering - Copying 0 resource from src\main\resources to target\classes
2023-12-24 00:10:39,067 [Worker-36: Building] INFO  o.a.m.s.f.DefaultMavenResourcesFiltering - skip non existing resourceDirectory C:\Users\Ihssane\Documents\Blog\Blog\Utilisateur\src\test\resources
2023-12-24 00:10:54,442 [Worker-31: Building] INFO  o.a.m.s.f.DefaultMavenResourcesFiltering - Copying 1 resource from src\main\resources to target\classes
2023-12-24 00:10:54,446 [Worker-31: Building] INFO  o.a.m.s.f.DefaultMavenResourcesFiltering - Copying 0 resource from src\main\resources to target\classes
2023-12-24 00:10:54,448 [Worker-31: Building] INFO  o.a.m.s.f.DefaultMavenResourcesFiltering - skip non existing resourceDirectory C:\Users\Ihssane\Documents\Blog\Blog\Utilisateur\src\test\resources
2023-12-24 00:11:35,111 [Worker-40: Building] INFO  o.a.m.s.f.DefaultMavenResourcesFiltering - Copying 1 resource from src\main\resources to target\classes
2023-12-24 00:11:35,116 [Worker-40: Building] INFO  o.a.m.s.f.DefaultMavenResourcesFiltering - Copying 0 resource from src\main\resources to target\classes
2023-12-24 00:11:35,117 [Worker-40: Building] INFO  o.a.m.s.f.DefaultMavenResourcesFiltering - skip non existing resourceDirectory C:\Users\Ihssane\Documents\Blog\Blog\Utilisateur\src\test\resources
2023-12-24 00:11:50,888 [Worker-38: Building] INFO  o.a.m.s.f.DefaultMavenResourcesFiltering - Copying 1 resource from src\main\resources to target\classes
2023-12-24 00:11:50,892 [Worker-38: Building] INFO  o.a.m.s.f.DefaultMavenResourcesFiltering - Copying 0 resource from src\main\resources to target\classes
2023-12-24 00:11:50,894 [Worker-38: Building] INFO  o.a.m.s.f.DefaultMavenResourcesFiltering - skip non existing resourceDirectory C:\Users\Ihssane\Documents\Blog\Blog\Utilisateur\src\test\resources
2023-12-24 00:11:53,561 [Worker-38: Building] INFO  o.a.m.s.f.DefaultMavenResourcesFiltering - Copying 1 resource from src\main\resources to target\classes
2023-12-24 00:11:53,566 [Worker-38: Building] INFO  o.a.m.s.f.DefaultMavenResourcesFiltering - Copying 0 resource from src\main\resources to target\classes
2023-12-24 00:11:53,568 [Worker-38: Building] INFO  o.a.m.s.f.DefaultMavenResourcesFiltering - skip non existing resourceDirectory C:\Users\Ihssane\Documents\Blog\Blog\Utilisateur\src\test\resources
2023-12-24 00:11:56,107 [Worker-40: Building] INFO  o.a.m.s.f.DefaultMavenResourcesFiltering - Copying 1 resource from src\main\resources to target\classes
2023-12-24 00:11:56,115 [Worker-40: Building] INFO  o.a.m.s.f.DefaultMavenResourcesFiltering - Copying 0 resource from src\main\resources to target\classes
2023-12-24 00:11:56,120 [Worker-40: Building] INFO  o.a.m.s.f.DefaultMavenResourcesFiltering - skip non existing resourceDirectory C:\Users\Ihssane\Documents\Blog\Blog\Utilisateur\src\test\resources
2023-12-24 00:11:59,486 [Worker-39: Building] INFO  o.a.m.s.f.DefaultMavenResourcesFiltering - Copying 1 resource from src\main\resources to target\classes
2023-12-24 00:11:59,493 [Worker-39: Building] INFO  o.a.m.s.f.DefaultMavenResourcesFiltering - Copying 0 resource from src\main\resources to target\classes
2023-12-24 00:11:59,497 [Worker-39: Building] INFO  o.a.m.s.f.DefaultMavenResourcesFiltering - skip non existing resourceDirectory C:\Users\Ihssane\Documents\Blog\Blog\Utilisateur\src\test\resources
2023-12-24 00:12:08,185 [Worker-36: Building] INFO  o.a.m.s.f.DefaultMavenResourcesFiltering - Copying 1 resource from src\main\resources to target\classes
2023-12-24 00:12:08,190 [Worker-36: Building] INFO  o.a.m.s.f.DefaultMavenResourcesFiltering - Copying 0 resource from src\main\resources to target\classes
2023-12-24 00:12:08,193 [Worker-36: Building] INFO  o.a.m.s.f.DefaultMavenResourcesFiltering - skip non existing resourceDirectory C:\Users\Ihssane\Documents\Blog\Blog\Utilisateur\src\test\resources
2023-12-24 00:13:15,777 [Worker-32: Building] INFO  o.e.m.c.i.l.LifecycleMappingFactory - Using org.eclipse.m2e.jdt.JarLifecycleMapping lifecycle mapping for MavenProject: ma.emsi:Utilisateur:1 @ C:\Users\Ihssane\Documents\Blog\Blog\Utilisateur\pom.xml.
2023-12-24 00:13:17,152 [Worker-32: Building] INFO  o.a.m.s.f.DefaultMavenResourcesFiltering - Copying 0 resource from src\main\resources to target\classes
2023-12-24 00:13:17,152 [Worker-32: Building] INFO  o.a.m.s.f.DefaultMavenResourcesFiltering - Copying 0 resource from src\main\resources to target\classes
2023-12-24 00:13:17,156 [Worker-32: Building] INFO  o.a.m.s.f.DefaultMavenResourcesFiltering - skip non existing resourceDirectory C:\Users\Ihssane\Documents\Blog\Blog\Utilisateur\src\test\resources
2023-12-24 00:13:20,208 [Worker-32: Launching Executing install in C__Users_Ihssane_Documents_Blog_Blog_Utilisateur] INFO  o.e.m.i.launch.MavenLaunchDelegate - Run build in "C:\Users\Ihssane\Documents\Blog\Blog\Utilisateur":
2023-12-24 00:13:20,208 [Worker-32: Launching Executing install in C__Users_Ihssane_Documents_Blog_Blog_Utilisateur] INFO  o.e.m.i.launch.MavenLaunchDelegate -  mvn  -Ppom.xml -B -Dstyle.color=always install
2023-12-24 00:13:48,416 [Worker-37: Building] INFO  o.a.m.s.f.DefaultMavenResourcesFiltering - Copying 0 resource from src\main\resources to target\classes
2023-12-24 00:13:48,418 [Worker-37: Building] INFO  o.a.m.s.f.DefaultMavenResourcesFiltering - Copying 0 resource from src\main\resources to target\classes
2023-12-24 00:13:48,420 [Worker-37: Building] INFO  o.a.m.s.f.DefaultMavenResourcesFiltering - skip non existing resourceDirectory C:\Users\Ihssane\Documents\Blog\Blog\Utilisateur\src\test\resources
2023-12-24 00:13:55,176 [Worker-31: Launching Executing clean in C__Users_Ihssane_Documents_Blog_Blog_Utilisateur] INFO  o.e.m.i.launch.MavenLaunchDelegate - Run build in "C:\Users\Ihssane\Documents\Blog\Blog\Utilisateur":
2023-12-24 00:13:55,177 [Worker-31: Launching Executing clean in C__Users_Ihssane_Documents_Blog_Blog_Utilisateur] INFO  o.e.m.i.launch.MavenLaunchDelegate -  mvn  -Ppom.xml -B -Dstyle.color=always clean
2023-12-24 00:13:57,611 [Worker-32: Building] INFO  o.a.m.s.f.DefaultMavenResourcesFiltering - Copying 1 resource from src\main\resources to target\classes
2023-12-24 00:13:57,625 [Worker-32: Building] INFO  o.a.m.s.f.DefaultMavenResourcesFiltering - Copying 0 resource from src\main\resources to target\classes
2023-12-24 00:13:57,628 [Worker-32: Building] INFO  o.a.m.s.f.DefaultMavenResourcesFiltering - skip non existing resourceDirectory C:\Users\Ihssane\Documents\Blog\Blog\Utilisateur\src\test\resources
2023-12-24 00:14:21,576 [Worker-32: Launching Executing install in C__Users_Ihssane_Documents_Blog_Blog_Utilisateur] INFO  o.e.m.i.launch.MavenLaunchDelegate - Run build in "C:\Users\Ihssane\Documents\Blog\Blog\Utilisateur":
2023-12-24 00:14:21,576 [Worker-32: Launching Executing install in C__Users_Ihssane_Documents_Blog_Blog_Utilisateur] INFO  o.e.m.i.launch.MavenLaunchDelegate -  mvn  -Ppom.xml -B -Dstyle.color=always install
2023-12-24 00:14:48,482 [Worker-37: Building] INFO  o.a.m.s.f.DefaultMavenResourcesFiltering - Copying 1 resource from src\main\resources to target\classes
2023-12-24 00:14:48,486 [Worker-37: Building] INFO  o.a.m.s.f.DefaultMavenResourcesFiltering - Copying 0 resource from src\main\resources to target\classes
2023-12-24 00:14:48,489 [Worker-37: Building] INFO  o.a.m.s.f.DefaultMavenResourcesFiltering - skip non existing resourceDirectory C:\Users\Ihssane\Documents\Blog\Blog\Utilisateur\src\test\resources
2023-12-24 00:14:54,323 [Worker-41: Building] INFO  o.a.m.s.f.DefaultMavenResourcesFiltering - Copying 0 resource from src\main\resources to target\classes
